#
# A fatal error has been detected by the Java Runtime Environment:
#
#  Internal Error (os_windows_x86.cpp:144), pid=9128, tid=0x0000000000002200
#  guarantee(result == EXCEPTION_CONTINUE_EXECUTION) failed: Unexpected result from topLevelExceptionFilter
#
# JRE version: Java(TM) SE Runtime Environment (8.0_241-b07) (build 1.8.0_241-b07)
# Java VM: Java HotSpot(TM) 64-Bit Server VM (25.241-b07 mixed mode windows-amd64 compressed oops)
# Failed to write core dump. Minidumps are not enabled by default on client versions of Windows
#
# If you would like to submit a bug report, please visit:
#   http://bugreport.java.com/bugreport/crash.jsp
# The crash happened outside the Java Virtual Machine in native code.
# See problematic frame for where to report the bug.
#

---------------  T H R E A D  ---------------

Current thread (0x000001d5203d5000):  JavaThread "Python Reference Queue" daemon [_thread_in_native, id=8704, stack(0x00000083791f0000,0x00000083793e0000)]

Stack: [0x00000083791f0000,0x00000083793e0000]
[error occurred during error reporting (printing stack bounds), id 0xc0000005]

Native frames: (J=compiled Java code, j=interpreted, Vv=VM code, C=native code)

Java frames: (J=compiled Java code, j=interpreted, Vv=VM code)
j  org.jpype.ref.JPypeReferenceQueue.wake(J)V+0
j  org.jpype.ref.JPypeReferenceQueue$Worker.run()V+49
j  java.lang.Thread.run()V+11
v  ~StubRoutines::call_stub

---------------  P R O C E S S  ---------------

Java Threads: ( => current thread )
=>0x000001d5203d5000 JavaThread "Python Reference Queue" daemon [_thread_in_native, id=8704, stack(0x00000083791f0000,0x00000083793e0000)]
  0x000001d520161800 JavaThread "Service Thread" daemon [_thread_blocked, id=10184, stack(0x0000008378e10000,0x0000008379000000)]
  0x000001d520110800 JavaThread "C1 CompilerThread2" daemon [_thread_blocked, id=11880, stack(0x0000008378c20000,0x0000008378e10000)]
  0x000001d52010d800 JavaThread "C2 CompilerThread1" daemon [_thread_blocked, id=15428, stack(0x0000008378a30000,0x0000008378c20000)]
  0x000001d51f10a800 JavaThread "C2 CompilerThread0" daemon [_thread_blocked, id=12616, stack(0x0000008378840000,0x0000008378a30000)]
  0x000001d51f0bf000 JavaThread "Attach Listener" daemon [_thread_blocked, id=3804, stack(0x0000008378650000,0x0000008378840000)]
  0x000001d520108800 JavaThread "Signal Dispatcher" daemon [_thread_blocked, id=13288, stack(0x0000008378460000,0x0000008378650000)]
  0x000001d50cddb000 JavaThread "Finalizer" daemon [_thread_blocked, id=9392, stack(0x0000008378270000,0x0000008378460000)]
  0x000001d50cdd2000 JavaThread "Reference Handler" daemon [_thread_blocked, id=6108, stack(0x0000008378080000,0x0000008378270000)]
  0x000001d50cce2800 JavaThread "main" [_thread_in_Java, id=11012, stack(0x0000008375200000,0x00000083753f0000)]

Other Threads:
  0x000001d51f077800 VMThread [stack: 0x0000008377e90000,0x0000008378080000] [id=13100]
  0x000001d52018e800 WatcherThread [stack: 0x0000008379000000,0x00000083791f0000] [id=15844]

VM state:not at safepoint (normal execution)

VM Mutex/Monitor currently owned by a thread: None

heap address: 0x00000000c0000000, size: 1024 MB, Compressed Oops mode: 32-bit
Narrow klass base: 0x0000000000000000, Narrow klass shift: 3
Compressed class space size: 1073741824 Address: 0x0000000100000000

Heap:
 PSYoungGen      total 38400K, used 1996K [0x00000000eab00000, 0x00000000ed580000, 0x0000000100000000)
  eden space 33280K, 6% used [0x00000000eab00000,0x00000000eacf3398,0x00000000ecb80000)
  from space 5120K, 0% used [0x00000000ecb80000,0x00000000ecb80000,0x00000000ed080000)
  to   space 5120K, 0% used [0x00000000ed080000,0x00000000ed080000,0x00000000ed580000)
 ParOldGen       total 87552K, used 1190K [0x00000000c0000000, 0x00000000c5580000, 0x00000000eab00000)
  object space 87552K, 1% used [0x00000000c0000000,0x00000000c0129868,0x00000000c5580000)
 Metaspace       used 3709K, capacity 4682K, committed 4864K, reserved 1056768K
  class space    used 403K, capacity 433K, committed 512K, reserved 1048576K

Card table byte_map: [0x000001d51c1a0000,0x000001d51c3b0000] byte_map_base: 0x000001d51bba0000

Marking Bits: (ParMarkBitMap*) 0x0000000051d9be30
 Begin Bits: [0x000001d51c510000, 0x000001d51d510000)
 End Bits:   [0x000001d51d510000, 0x000001d51e510000)

Polling page: 0x000001d50c980000

CodeCache: size=245760Kb used=1758Kb max_used=1758Kb free=244001Kb
 bounds [0x000001d50cde0000, 0x000001d50d050000, 0x000001d51bde0000]
 total_blobs=545 nmethods=286 adapters=172
 compilation: enabled

Compilation events (10 events):
Event: 0.745 Thread 0x000001d520110800 nmethod 263 0x000001d50cf7b790 code [0x000001d50cf7b920, 0x000001d50cf7bbe0]
Event: 0.745 Thread 0x000001d520110800  264       3       java.util.LinkedList::removeFirst (23 bytes)
Event: 0.745 Thread 0x000001d520110800 nmethod 264 0x000001d50cf7b2d0 code [0x000001d50cf7b440, 0x000001d50cf7b680]
Event: 0.745 Thread 0x000001d520110800  265       3       java.util.LinkedList::unlinkFirst (64 bytes)
Event: 0.745 Thread 0x000001d520110800 nmethod 265 0x000001d50cf7ae90 code [0x000001d50cf7afe0, 0x000001d50cf7b218]
Event: 0.745 Thread 0x000001d520110800  268       3       java.util.TreeMap$KeyIterator::next (8 bytes)
Event: 0.745 Thread 0x000001d520110800 nmethod 268 0x000001d50cf7f250 code [0x000001d50cf7f3c0, 0x000001d50cf7f5d0]
Event: 0.745 Thread 0x000001d520110800  269       3       java.util.TreeMap$PrivateEntryIterator::nextEntry (54 bytes)
Event: 0.745 Thread 0x000001d520110800 nmethod 269 0x000001d50cf7f690 code [0x000001d50cf7f820, 0x000001d50cf7fb70]
Event: 0.745 Thread 0x000001d520110800  270       3       java.util.LinkedList$ListItr::remove (84 bytes)

GC Heap History (4 events):
Event: 0.696 GC heap before
{Heap before GC invocations=1 (full 0):
 PSYoungGen      total 38400K, used 4793K [0x00000000eab00000, 0x00000000ed580000, 0x0000000100000000)
  eden space 33280K, 14% used [0x00000000eab00000,0x00000000eafae7b0,0x00000000ecb80000)
  from space 5120K, 0% used [0x00000000ed080000,0x00000000ed080000,0x00000000ed580000)
  to   space 5120K, 0% used [0x00000000ecb80000,0x00000000ecb80000,0x00000000ed080000)
 ParOldGen       total 87552K, used 0K [0x00000000c0000000, 0x00000000c5580000, 0x00000000eab00000)
  object space 87552K, 0% used [0x00000000c0000000,0x00000000c0000000,0x00000000c5580000)
 Metaspace       used 3567K, capacity 4670K, committed 4864K, reserved 1056768K
  class space    used 392K, capacity 426K, committed 512K, reserved 1048576K
Event: 0.698 GC heap after
Heap after GC invocations=1 (full 0):
 PSYoungGen      total 38400K, used 1257K [0x00000000eab00000, 0x00000000ed580000, 0x0000000100000000)
  eden space 33280K, 0% used [0x00000000eab00000,0x00000000eab00000,0x00000000ecb80000)
  from space 5120K, 24% used [0x00000000ecb80000,0x00000000eccba610,0x00000000ed080000)
  to   space 5120K, 0% used [0x00000000ed080000,0x00000000ed080000,0x00000000ed580000)
 ParOldGen       total 87552K, used 8K [0x00000000c0000000, 0x00000000c5580000, 0x00000000eab00000)
  object space 87552K, 0% used [0x00000000c0000000,0x00000000c0002000,0x00000000c5580000)
 Metaspace       used 3567K, capacity 4670K, committed 4864K, reserved 1056768K
  class space    used 392K, capacity 426K, committed 512K, reserved 1048576K
}
Event: 0.698 GC heap before
{Heap before GC invocations=2 (full 1):
 PSYoungGen      total 38400K, used 1257K [0x00000000eab00000, 0x00000000ed580000, 0x0000000100000000)
  eden space 33280K, 0% used [0x00000000eab00000,0x00000000eab00000,0x00000000ecb80000)
  from space 5120K, 24% used [0x00000000ecb80000,0x00000000eccba610,0x00000000ed080000)
  to   space 5120K, 0% used [0x00000000ed080000,0x00000000ed080000,0x00000000ed580000)
 ParOldGen       total 87552K, used 8K [0x00000000c0000000, 0x00000000c5580000, 0x00000000eab00000)
  object space 87552K, 0% used [0x00000000c0000000,0x00000000c0002000,0x00000000c5580000)
 Metaspace       used 3567K, capacity 4670K, committed 4864K, reserved 1056768K
  class space    used 392K, capacity 426K, committed 512K, reserved 1048576K
Event: 0.707 GC heap after
Heap after GC invocations=2 (full 1):
 PSYoungGen      total 38400K, used 0K [0x00000000eab00000, 0x00000000ed580000, 0x0000000100000000)
  eden space 33280K, 0% used [0x00000000eab00000,0x00000000eab00000,0x00000000ecb80000)
  from space 5120K, 0% used [0x00000000ecb80000,0x00000000ecb80000,0x00000000ed080000)
  to   space 5120K, 0% used [0x00000000ed080000,0x00000000ed080000,0x00000000ed580000)
 ParOldGen       total 87552K, used 1190K [0x00000000c0000000, 0x00000000c5580000, 0x00000000eab00000)
  object space 87552K, 1% used [0x00000000c0000000,0x00000000c0129868,0x00000000c5580000)
 Metaspace       used 3567K, capacity 4670K, committed 4864K, reserved 1056768K
  class space    used 392K, capacity 426K, committed 512K, reserved 1048576K
}

Deoptimization events (0 events):
No events

Classes redefined (0 events):
No events

Internal exceptions (8 events):
Event: 0.360 Thread 0x000001d50cce2800 Exception <a 'java/lang/NoSuchMethodError': Method sun.misc.Unsafe.defineClass(Ljava/lang/String;[BII)Ljava/lang/Class; name or signature does not match> (0x00000000eab07cc0) thrown at [C:\ade\jenkins\workspace\8-2-build-windows-amd64-cygwin\jdk8u241\331\
Event: 0.361 Thread 0x000001d50cce2800 Exception <a 'java/lang/NoSuchMethodError': Method sun.misc.Unsafe.prefetchRead(Ljava/lang/Object;J)V name or signature does not match> (0x00000000eab07fa8) thrown at [C:\ade\jenkins\workspace\8-2-build-windows-amd64-cygwin\jdk8u241\331\hotspot\src\share\
Event: 0.471 Thread 0x000001d50cce2800 Exception <a 'java/io/IOException'> (0x00000000eaba27b0) thrown at [C:\ade\jenkins\workspace\8-2-build-windows-amd64-cygwin\jdk8u241\331\hotspot\src\share\vm\prims\jni.cpp, line 710]
Event: 0.473 Thread 0x000001d50cce2800 Exception <a 'java/io/IOException'> (0x00000000eabaa388) thrown at [C:\ade\jenkins\workspace\8-2-build-windows-amd64-cygwin\jdk8u241\331\hotspot\src\share\vm\prims\jni.cpp, line 710]
Event: 0.580 Thread 0x000001d50cce2800 Exception <a 'java/security/PrivilegedActionException'> (0x00000000ead3b1d8) thrown at [C:\ade\jenkins\workspace\8-2-build-windows-amd64-cygwin\jdk8u241\331\hotspot\src\share\vm\prims\jvm.cpp, line 1502]
Event: 0.580 Thread 0x000001d50cce2800 Exception <a 'java/security/PrivilegedActionException'> (0x00000000ead3b3e8) thrown at [C:\ade\jenkins\workspace\8-2-build-windows-amd64-cygwin\jdk8u241\331\hotspot\src\share\vm\prims\jvm.cpp, line 1502]
Event: 0.595 Thread 0x000001d50cce2800 Exception <a 'java/security/PrivilegedActionException'> (0x00000000ead96ae0) thrown at [C:\ade\jenkins\workspace\8-2-build-windows-amd64-cygwin\jdk8u241\331\hotspot\src\share\vm\prims\jvm.cpp, line 1502]
Event: 0.595 Thread 0x000001d50cce2800 Exception <a 'java/security/PrivilegedActionException'> (0x00000000ead96cf0) thrown at [C:\ade\jenkins\workspace\8-2-build-windows-amd64-cygwin\jdk8u241\331\hotspot\src\share\vm\prims\jvm.cpp, line 1502]

Events (10 events):
Event: 0.687 loading class java/lang/Character$UnicodeBlock
Event: 0.687 loading class java/lang/Character$UnicodeBlock done
Event: 0.687 loading class java/lang/Character$UnicodeScript
Event: 0.687 loading class java/lang/Character$UnicodeScript done
Event: 0.695 loading class java/io/ObjectStreamException
Event: 0.695 loading class java/io/ObjectStreamException done
Event: 0.696 Executing VM operation: ParallelGCSystemGC
Event: 0.707 Executing VM operation: ParallelGCSystemGC done
Event: 0.745 loading class java/lang/Short$ShortCache
Event: 0.745 loading class java/lang/Short$ShortCache done


Dynamic libraries:
0x00007ff7e17e0000 - 0x00007ff7e17fc000 	C:\Program Files\Anaconda3\python.exe
0x00007ffbb7d20000 - 0x00007ffbb7f10000 	C:\WINDOWS\SYSTEM32\ntdll.dll
0x00007ffbb6f20000 - 0x00007ffbb6fd2000 	C:\WINDOWS\System32\KERNEL32.DLL
0x00007ffbb4f00000 - 0x00007ffbb51a4000 	C:\WINDOWS\System32\KERNELBASE.dll
0x00007ffbb5350000 - 0x00007ffbb544a000 	C:\WINDOWS\System32\ucrtbase.dll
0x00007ffb83480000 - 0x00007ffb83843000 	C:\Program Files\Anaconda3\python37.dll
0x00007ffbb6ec0000 - 0x00007ffbb6f12000 	C:\WINDOWS\System32\SHLWAPI.dll
0x00007ffbb7190000 - 0x00007ffbb722e000 	C:\WINDOWS\System32\msvcrt.dll
0x00007ffbb5ea0000 - 0x00007ffbb61d5000 	C:\WINDOWS\System32\combase.dll
0x00007ffbb72c0000 - 0x00007ffbb73e0000 	C:\WINDOWS\System32\RPCRT4.dll
0x00007ffbb5450000 - 0x00007ffbb54d0000 	C:\WINDOWS\System32\bcryptPrimitives.dll
0x00007ffbb63e0000 - 0x00007ffbb6406000 	C:\WINDOWS\System32\GDI32.dll
0x00007ffbb54d0000 - 0x00007ffbb54f1000 	C:\WINDOWS\System32\win32u.dll
0x00007ffbb4cd0000 - 0x00007ffbb4e65000 	C:\WINDOWS\System32\gdi32full.dll
0x00007ffbb5200000 - 0x00007ffbb529e000 	C:\WINDOWS\System32\msvcp_win.dll
0x00007ffbb6ff0000 - 0x00007ffbb7184000 	C:\WINDOWS\System32\USER32.dll
0x00007ffbb76b0000 - 0x00007ffbb771f000 	C:\WINDOWS\System32\WS2_32.dll
0x00007ffbb6410000 - 0x00007ffbb64b3000 	C:\WINDOWS\System32\ADVAPI32.dll
0x00007ffbb7560000 - 0x00007ffbb75f7000 	C:\WINDOWS\System32\sechost.dll
0x00007ffbae790000 - 0x00007ffbae7a5000 	C:\Program Files\Anaconda3\VCRUNTIME140.dll
0x00007ffba7a30000 - 0x00007ffba7a3a000 	C:\WINDOWS\SYSTEM32\VERSION.dll
0x00007ffbb7460000 - 0x00007ffbb748e000 	C:\WINDOWS\System32\IMM32.DLL
0x00007ffbb4cb0000 - 0x00007ffbb4cc7000 	C:\WINDOWS\System32\CRYPTSP.dll
0x00007ffbb3f60000 - 0x00007ffbb3f93000 	C:\WINDOWS\system32\rsaenh.dll
0x00007ffbb4e70000 - 0x00007ffbb4e96000 	C:\WINDOWS\System32\bcrypt.dll
0x00007ffbb45c0000 - 0x00007ffbb45cc000 	C:\WINDOWS\SYSTEM32\CRYPTBASE.dll
0x00007ffbaf260000 - 0x00007ffbaf26f000 	C:\Program Files\Anaconda3\python3.dll
0x00007ffbad940000 - 0x00007ffbad958000 	C:\Program Files\Anaconda3\DLLs\_bz2.pyd
0x00007ffb9aba0000 - 0x00007ffb9abe1000 	C:\Program Files\Anaconda3\DLLs\_lzma.pyd
0x00007ffbaec60000 - 0x00007ffbaec6d000 	C:\Program Files\Anaconda3\DLLs\_hashlib.pyd
0x00007ffb83130000 - 0x00007ffb83476000 	C:\Program Files\Anaconda3\Library\bin\libcrypto-1_1-x64.dll
0x00007ffbacef0000 - 0x00007ffbacf13000 	C:\Program Files\Anaconda3\DLLs\_ctypes.pyd
0x00007ffbb6670000 - 0x00007ffbb67c7000 	C:\WINDOWS\System32\ole32.dll
0x00007ffbb5dd0000 - 0x00007ffbb5e95000 	C:\WINDOWS\System32\OLEAUT32.dll
0x00007ffbb67d0000 - 0x00007ffbb6eb6000 	C:\WINDOWS\System32\shell32.DLL
0x00007ffbb51b0000 - 0x00007ffbb51fa000 	C:\WINDOWS\System32\cfgmgr32.dll
0x00007ffbb7600000 - 0x00007ffbb76a9000 	C:\WINDOWS\System32\shcore.dll
0x00007ffbb5650000 - 0x00007ffbb5dd0000 	C:\WINDOWS\System32\windows.storage.dll
0x00007ffbb4c80000 - 0x00007ffbb4ca3000 	C:\WINDOWS\System32\profapi.dll
0x00007ffbb4c10000 - 0x00007ffbb4c5a000 	C:\WINDOWS\System32\powrprof.dll
0x00007ffbb4be0000 - 0x00007ffbb4bf0000 	C:\WINDOWS\System32\UMPDC.dll
0x00007ffbb4bf0000 - 0x00007ffbb4c01000 	C:\WINDOWS\System32\kernel.appcore.dll
0x00007ffb97b90000 - 0x00007ffb97ba7000 	C:\Program Files\Anaconda3\DLLs\_sqlite3.pyd
0x00007ffb82f10000 - 0x00007ffb83017000 	C:\Program Files\Anaconda3\Library\bin\sqlite3.dll
0x00007ffbad650000 - 0x00007ffbad665000 	C:\Program Files\Anaconda3\DLLs\_socket.pyd
0x00007ffbae780000 - 0x00007ffbae789000 	C:\Program Files\Anaconda3\DLLs\select.pyd
0x00007ffbac6a0000 - 0x00007ffbac6bf000 	C:\Program Files\Anaconda3\DLLs\_ssl.pyd
0x00007ffbb5500000 - 0x00007ffbb5649000 	C:\WINDOWS\System32\CRYPT32.dll
0x00007ffbb4c60000 - 0x00007ffbb4c72000 	C:\WINDOWS\System32\MSASN1.dll
0x00007ffb86d60000 - 0x00007ffb86e0b000 	C:\Program Files\Anaconda3\Library\bin\libssl-1_1-x64.dll
0x00007ffb98210000 - 0x00007ffb98224000 	C:\Program Files\Anaconda3\DLLs\_asyncio.pyd
0x00007ffbaaa70000 - 0x00007ffbaaa7d000 	C:\Program Files\Anaconda3\DLLs\_overlapped.pyd
0x00007ffbb43f0000 - 0x00007ffbb4457000 	C:\WINDOWS\system32\mswsock.dll
0x00007ffb83020000 - 0x00007ffb83128000 	C:\Program Files\Anaconda3\DLLs\unicodedata.pyd
0x00007ffbadc60000 - 0x00007ffbadc69000 	C:\Program Files\Anaconda3\DLLs\_queue.pyd
0x00007ffba3d00000 - 0x00007ffba3d16000 	C:\Program Files\Anaconda3\lib\site-packages\zmq\backend\cython\constants.cp37-win_amd64.pyd
0x00007ffbabff0000 - 0x00007ffbabffc000 	C:\Program Files\Anaconda3\lib\site-packages\zmq\backend\cython\error.cp37-win_amd64.pyd
0x00007ffb8e530000 - 0x00007ffb8e5a2000 	C:\Program Files\Anaconda3\Library\bin\libzmq-mt-4_3_1.dll
0x00007ffb8e3c0000 - 0x00007ffb8e40b000 	C:\Program Files\Anaconda3\Library\bin\libsodium.dll
0x00007ffbb4100000 - 0x00007ffbb413a000 	C:\WINDOWS\SYSTEM32\IPHLPAPI.DLL
0x00007ffbab550000 - 0x00007ffbab5eb000 	C:\WINDOWS\SYSTEM32\MSVCP140.dll
0x00007ffb9ab80000 - 0x00007ffb9ab9a000 	C:\Program Files\Anaconda3\lib\site-packages\zmq\backend\cython\message.cp37-win_amd64.pyd
0x00007ffb9ab60000 - 0x00007ffb9ab74000 	C:\Program Files\Anaconda3\lib\site-packages\zmq\backend\cython\context.cp37-win_amd64.pyd
0x00007ffb934d0000 - 0x00007ffb934f6000 	C:\Program Files\Anaconda3\lib\site-packages\zmq\backend\cython\socket.cp37-win_amd64.pyd
0x00007ffbab830000 - 0x00007ffbab83e000 	C:\Program Files\Anaconda3\lib\site-packages\zmq\backend\cython\utils.cp37-win_amd64.pyd
0x00007ffb99a90000 - 0x00007ffb99aa4000 	C:\Program Files\Anaconda3\lib\site-packages\zmq\backend\cython\_poll.cp37-win_amd64.pyd
0x00007ffbab5f0000 - 0x00007ffbab5fc000 	C:\Program Files\Anaconda3\lib\site-packages\zmq\backend\cython\_version.cp37-win_amd64.pyd
0x00007ffb98bb0000 - 0x00007ffb98bc2000 	C:\Program Files\Anaconda3\lib\site-packages\zmq\backend\cython\_device.cp37-win_amd64.pyd
0x00007ffbaab30000 - 0x00007ffbaab40000 	C:\Program Files\Anaconda3\lib\site-packages\zmq\backend\cython\_proxy_steerable.cp37-win_amd64.pyd
0x00007ffbad050000 - 0x00007ffbad057000 	C:\Program Files\Anaconda3\lib\site-packages\tornado\speedups.cp37-win_amd64.pyd
0x00007ffb8f030000 - 0x00007ffb8f074000 	C:\Program Files\Anaconda3\DLLs\_decimal.pyd
0x00007ffbb63d0000 - 0x00007ffbb63d8000 	C:\WINDOWS\System32\NSI.dll
0x00007ffbaa770000 - 0x00007ffbaa786000 	C:\WINDOWS\SYSTEM32\dhcpcsvc6.DLL
0x00007ffbaa720000 - 0x00007ffbaa73c000 	C:\WINDOWS\SYSTEM32\dhcpcsvc.DLL
0x00007ffbb4140000 - 0x00007ffbb420b000 	C:\WINDOWS\SYSTEM32\DNSAPI.dll
0x0000000052df0000 - 0x0000000052e14000 	C:\Program Files\Anaconda3\lib\site-packages\win32\win32api.pyd
0x0000000052dc0000 - 0x0000000052de6000 	C:\Program Files\Anaconda3\lib\site-packages\win32\pywintypes37.dll
0x00007ffba7840000 - 0x00007ffba784c000 	C:\WINDOWS\SYSTEM32\secur32.dll
0x00007ffbb4b00000 - 0x00007ffbb4b2f000 	C:\WINDOWS\SYSTEM32\SSPICLI.DLL
0x0000000052d90000 - 0x0000000052db6000 	C:\Program Files\Anaconda3\lib\site-packages\win32\win32security.pyd
0x00007ffba6c40000 - 0x00007ffba6c57000 	C:\WINDOWS\SYSTEM32\NETAPI32.dll
0x00007ffbb4210000 - 0x00007ffbb421c000 	C:\WINDOWS\SYSTEM32\NETUTILS.DLL
0x000001d505ff0000 - 0x000001d505ff3000 	C:\WINDOWS\SYSTEM32\security.dll
0x00007ffb9a7a0000 - 0x00007ffb9a7c8000 	C:\WINDOWS\SYSTEM32\ntdsapi.dll
0x00007ffbb4220000 - 0x00007ffbb4262000 	C:\WINDOWS\SYSTEM32\LOGONCLI.DLL
0x00007ffba0c90000 - 0x00007ffba0cc5000 	C:\Program Files\Anaconda3\DLLs\_elementtree.pyd
0x00007ffba49a0000 - 0x00007ffba49d2000 	C:\Program Files\Anaconda3\DLLs\pyexpat.pyd
0x00007ffbb11b0000 - 0x00007ffbb11b7000 	C:\Program Files\Anaconda3\lib\site-packages\mkl\_mklinit.cp37-win_amd64.pyd
0x00007ffb80940000 - 0x00007ffb817c3000 	C:\Program Files\Anaconda3\Library\bin\mkl_rt.dll
0x00007ffbab670000 - 0x00007ffbab692000 	C:\Program Files\Anaconda3\lib\site-packages\mkl\_py_mkl_service.cp37-win_amd64.pyd
0x00007ffb80670000 - 0x00007ffb8093a000 	C:\Program Files\Anaconda3\lib\site-packages\numpy\core\_multiarray_umath.cp37-win_amd64.pyd
0x00007ffbab650000 - 0x00007ffbab66e000 	C:\Program Files\Anaconda3\lib\site-packages\numpy\core\_multiarray_tests.cp37-win_amd64.pyd
0x00007ffbab500000 - 0x00007ffbab509000 	C:\Program Files\Anaconda3\lib\site-packages\numpy\linalg\lapack_lite.cp37-win_amd64.pyd
0x00007ffba3b00000 - 0x00007ffba3b2a000 	C:\Program Files\Anaconda3\lib\site-packages\numpy\linalg\_umath_linalg.cp37-win_amd64.pyd
0x00007ffba3ae0000 - 0x00007ffba3b00000 	C:\Program Files\Anaconda3\lib\site-packages\numpy\fft\_pocketfft_internal.cp37-win_amd64.pyd
0x00007ffb9a700000 - 0x00007ffb9a793000 	C:\Program Files\Anaconda3\lib\site-packages\numpy\random\mtrand.cp37-win_amd64.pyd
0x00007ffba3ab0000 - 0x00007ffba3adb000 	C:\Program Files\Anaconda3\lib\site-packages\numpy\random\_bit_generator.cp37-win_amd64.pyd
0x00007ffba21d0000 - 0x00007ffba21ff000 	C:\Program Files\Anaconda3\lib\site-packages\numpy\random\_common.cp37-win_amd64.pyd
0x00007ffb993d0000 - 0x00007ffb99419000 	C:\Program Files\Anaconda3\lib\site-packages\numpy\random\_bounded_integers.cp37-win_amd64.pyd
0x00007ffb9a6e0000 - 0x00007ffb9a6fd000 	C:\Program Files\Anaconda3\lib\site-packages\numpy\random\_mt19937.cp37-win_amd64.pyd
0x00007ffb993b0000 - 0x00007ffb993c8000 	C:\Program Files\Anaconda3\lib\site-packages\numpy\random\_philox.cp37-win_amd64.pyd
0x00007ffb99390000 - 0x00007ffb993a5000 	C:\Program Files\Anaconda3\lib\site-packages\numpy\random\_pcg64.cp37-win_amd64.pyd
0x00007ffb99370000 - 0x00007ffb99382000 	C:\Program Files\Anaconda3\lib\site-packages\numpy\random\_sfc64.cp37-win_amd64.pyd
0x00007ffb937b0000 - 0x00007ffb93859000 	C:\Program Files\Anaconda3\lib\site-packages\numpy\random\_generator.cp37-win_amd64.pyd
0x00007ffb6ade0000 - 0x00007ffb6cd43000 	C:\Program Files\Anaconda3\Library\bin\mkl_intel_thread.dll
0x00007ffb80470000 - 0x00007ffb80670000 	C:\Program Files\Anaconda3\Library\bin\libiomp5md.dll
0x00007ffb669b0000 - 0x00007ffb6addb000 	C:\Program Files\Anaconda3\Library\bin\mkl_core.dll
0x00007ffb61840000 - 0x00007ffb63f4e000 	C:\Program Files\Anaconda3\Library\bin\mkl_avx2.dll
0x00007ffb7f810000 - 0x00007ffb8046e000 	C:\Program Files\Anaconda3\Library\bin\mkl_vml_avx2.dll
0x00007ffb99350000 - 0x00007ffb99365000 	C:\Program Files\Anaconda3\lib\site-packages\scipy\_lib\_ccallback_c.cp37-win_amd64.pyd
0x00007ffbab4f0000 - 0x00007ffbab500000 	C:\Program Files\Anaconda3\lib\site-packages\scipy\_lib\_uarray\_uarray.cp37-win_amd64.pyd
0x00007ffb93720000 - 0x00007ffb937b0000 	C:\Program Files\Anaconda3\lib\site-packages\scipy\fft\_pocketfft\pypocketfft.cp37-win_amd64.pyd
0x00007ffb7f5f0000 - 0x00007ffb7f809000 	C:\Program Files\Anaconda3\lib\site-packages\scipy\sparse\_sparsetools.cp37-win_amd64.pyd
0x00007ffb936b0000 - 0x00007ffb9371c000 	C:\Program Files\Anaconda3\lib\site-packages\scipy\sparse\_csparsetools.cp37-win_amd64.pyd
0x00007ffb96640000 - 0x00007ffb96699000 	C:\Program Files\Anaconda3\lib\site-packages\scipy\sparse\csgraph\_shortest_path.cp37-win_amd64.pyd
0x00007ffb8e350000 - 0x00007ffb8e374000 	C:\Program Files\Anaconda3\lib\site-packages\scipy\sparse\csgraph\_tools.cp37-win_amd64.pyd
0x00007ffb8e0e0000 - 0x00007ffb8e103000 	C:\Program Files\Anaconda3\lib\site-packages\scipy\sparse\csgraph\_traversal.cp37-win_amd64.pyd
0x00007ffb8dbf0000 - 0x00007ffb8dc1e000 	C:\Program Files\Anaconda3\lib\site-packages\scipy\sparse\csgraph\_min_spanning_tree.cp37-win_amd64.pyd
0x00007ffb8ad70000 - 0x00007ffb8ada8000 	C:\Program Files\Anaconda3\lib\site-packages\scipy\sparse\csgraph\_flow.cp37-win_amd64.pyd
0x00007ffb871c0000 - 0x00007ffb871f0000 	C:\Program Files\Anaconda3\lib\site-packages\scipy\sparse\csgraph\_matching.cp37-win_amd64.pyd
0x00007ffb86d20000 - 0x00007ffb86d5b000 	C:\Program Files\Anaconda3\lib\site-packages\scipy\sparse\csgraph\_reordering.cp37-win_amd64.pyd
0x00007ffb7f560000 - 0x00007ffb7f5e3000 	C:\Program Files\Anaconda3\lib\site-packages\scipy\spatial\ckdtree.cp37-win_amd64.pyd
0x00007ffb7f250000 - 0x00007ffb7f327000 	C:\Program Files\Anaconda3\lib\site-packages\scipy\spatial\qhull.cp37-win_amd64.pyd
0x00007ffba5fb0000 - 0x00007ffba5fc0000 	C:\Program Files\Anaconda3\lib\site-packages\scipy\_lib\messagestream.cp37-win_amd64.pyd
0x00007ffb87190000 - 0x00007ffb871bb000 	C:\Program Files\Anaconda3\lib\site-packages\scipy\spatial\_voronoi.cp37-win_amd64.pyd
0x00007ffb94a60000 - 0x00007ffb94af2000 	C:\Program Files\Anaconda3\lib\site-packages\scipy\linalg\_fblas.cp37-win_amd64.pyd
0x00007ffb7f0d0000 - 0x00007ffb7f243000 	C:\Program Files\Anaconda3\lib\site-packages\scipy\linalg\_flapack.cp37-win_amd64.pyd
0x00007ffb96390000 - 0x00007ffb963a2000 	C:\Program Files\Anaconda3\lib\site-packages\scipy\linalg\_flinalg.cp37-win_amd64.pyd

VM Arguments:
jvm_args: -Dfile.encoding=UTF8 -ea -Xmx1024m 
java_command: <unknown>
java_class_path (initial): C:\Program Files\Anaconda3\lib\site-packages\konlpy\java;C:\Program Files\Anaconda3\lib\site-packages\konlpy\java\bin;C:\Program Files\Anaconda3\lib\site-packages\konlpy\java\*;C:\Program Files\Anaconda3\lib\site-packages\konlpy\java\jhannanum-0.8.4.jar;C:\Program Files\Anaconda3\lib\site-packages\konlpy\java\kkma-2.0.jar;C:\Program Files\Anaconda3\lib\site-packages\konlpy\java\aho-corasick.jar;C:\Program Files\Anaconda3\lib\site-packages\konlpy\java\shineware-common-1.0.jar;C:\Program Files\Anaconda3\lib\site-packages\konlpy\java\shineware-ds-1.0.jar;C:\Program Files\Anaconda3\lib\site-packages\konlpy\java\komoran-3.0.jar;C:\Program Files\Anaconda3\lib\site-packages\konlpy\java\snakeyaml-1.12.jar;C:\Program Files\Anaconda3\lib\site-packages\konlpy\java\scala-library-2.12.3.jar;C:\Program Files\Anaconda3\lib\site-packages\konlpy\java\open-korean-text-2.1.0.jar;C:\Program Files\Anaconda3\lib\site-packages\konlpy\java\twitter-text-1.14.7.jar;C:\Program Files\Anaconda3\lib\site-packages\konlpy\java\*
Launcher Type: generic

Environment Variables:
JAVA_HOME=C:\Program Files\Java\jdk1.8.0_241
CLASSPATH=%classpath%;;;
PATH=C:\Program Files\Anaconda3;C:\Program Files\Anaconda3\Library\mingw-w64\bin;C:\Program Files\Anaconda3\Library\usr\bin;C:\Program Files\Anaconda3\Library\bin;C:\Program Files\Anaconda3\Scripts;C:\app\¡∂¡ˆ«Â\product\11.2.0\dbhome_1\bin;C:\Program Files\Anaconda3;C:\Program Files\Anaconda3\Library\mingw-w64\bin;C:\Program Files\Anaconda3\Library\usr\bin;C:\Program Files\Anaconda3\Library\bin;C:\Program Files\Anaconda3\Scripts;C:\Program Files (x86)\Common Files\Oracle\Java\javapath;%JAVA_HOME%\bin;C:\WINDOWS\system32;C:\WINDOWS;C:\WINDOWS\System32\Wbem;C:\WINDOWS\System32\WindowsPowerShell\v1.0\;C:\WINDOWS\System32\OpenSSH\;C:\Program FilesScripts\;C:\Program Files\;C:\Program Files\nodejs\;C:\Program Files (x86)\Graphviz2.38\;C:\Program Files (x86)\Graphviz2.38\bin;C:\Program Files\MongoDB\Server\4.2\bin;C:\Program Files (x86)\Windows Kits\8.1\Windows Performance Toolkit\;C:\Users\Administrator\AppData\Local\Microsoft\WindowsApps;C:\Program Files (x86)\Graphviz2.38\;C:\Program Files (x86)\Graphviz2.38\bin;C:\Program Files\MongoDB\Server\4.2\bin;
USERNAME=Administrator
OS=Windows_NT
PROCESSOR_IDENTIFIER=Intel64 Family 6 Model 78 Stepping 3, GenuineIntel



---------------  S Y S T E M  ---------------

OS: Windows 10.0 , 64 bit Build 18362 (10.0.18362.900)

CPU:total 4 (initial active 4) (2 cores per cpu, 2 threads per core) family 6 model 78 stepping 3, cmov, cx8, fxsr, mmx, sse, sse2, sse3, ssse3, sse4.1, sse4.2, popcnt, avx, avx2, aes, clmul, erms, 3dnowpref, lzcnt, ht, tsc, tscinvbit, bmi1, bmi2, adx

Memory: 4k page, physical 8300836k(2519140k free), swap 9873700k(2679980k free)

vm_info: Java HotSpot(TM) 64-Bit Server VM (25.241-b07) for windows-amd64 JRE (1.8.0_241-b07), built on Dec 11 2019 10:21:40 by "rejava" with MS VC++ 10.0 (VS2010)

time: Mon Jul 20 11:42:54 2020
timezone: ¥Î«—πŒ±π «•¡ÿΩ√
elapsed time: 0 seconds (0d 0h 0m 0s)

